Start testing: Aug 16 17:33 UTC
----------------------------------------------------------
1/1 Testing: unit_tests
1/1 Test: unit_tests
Command: "/workspaces/UV-K1Series_ApeX-Edition_v7.6.0/tests/build/unit_tests"
Directory: /workspaces/UV-K1Series_ApeX-Edition_v7.6.0/tests/build
"unit_tests" start time: Aug 16 17:33 UTC
Output:
----------------------------------------------------------
  FAIL /workspaces/UV-K1Series_ApeX-Edition_v7.6.0/tests/test_frequencies.c:71: FREQUENCY_RoundToStep(43450625, 1250) == 43450000 (43450625 != 43450000)
  FAIL /workspaces/UV-K1Series_ApeX-Edition_v7.6.0/tests/test_frequencies.c:107: FREQUENCY_CalculateOutputPower(1, 2, 3, 100, 200, 300, 200) == 2 (3 != 2)
  FAIL /workspaces/UV-K1Series_ApeX-Edition_v7.6.0/tests/test_frequencies.c:109: FREQUENCY_CalculateOutputPower(1, 2, 3, 100, 200, 300, 150) == 1 (2 != 1)
  FAIL /workspaces/UV-K1Series_ApeX-Edition_v7.6.0/tests/test_frequencies.c:149: TX_freq_check(43500000) == -1 (0 != -1)
  FAIL /workspaces/UV-K1Series_ApeX-Edition_v7.6.0/tests/test_frequencies.c:159: TX_freq_check(36000000) == 0 (-1 != 0)
  FAIL /workspaces/UV-K1Series_ApeX-Edition_v7.6.0/tests/test_crc.c:32: CRC_Calculate("A", 1) == 0xE5CC (22757 != 58828)
Running unit tests...
frequencies:
  test_GetBand
    OK
  test_ClampGlobal
    OK
  test_ClampToBand
    OK
  test_RoundToStep
  test_StepIndexMapping
    OK
  test_CalculateOutputPower
  test_RX_freq_check
    OK
  test_TX_freq_check
dcs:
  test_CTCSS_Options_Size
    OK
  test_CTCSS_Options_Sorted
    OK
  test_DCS_Options_Unique
    OK
  test_GetCtcssCode
    OK
  test_GetGolayCodeWord
    OK
  test_GetCdcssCode
    OK
  test_GetCtcssApprovedIndex
    OK
  test_GetDcsApprovedIndex
    OK
crc:
  test_CRC_Empty
    OK
  test_CRC_KnownVectors
  test_CRC_Deterministic
    OK
  test_CRC_ByteSensitivity
    OK
  test_CRC_LengthSensitivity
    OK
mdc1200:

5661 checks, 6 failures
<end of output>
Test time =   0.00 sec
----------------------------------------------------------
Test Failed.
"unit_tests" end time: Aug 16 17:33 UTC
"unit_tests" time elapsed: 00:00:00
----------------------------------------------------------

End testing: Aug 16 17:33 UTC
